<?xml version="1.0" encoding="UTF-8"?>
<testng-results skipped="0" failed="0" ignored="0" total="2" passed="2">
  <reporter-output>
  </reporter-output>
  <suite name="Default suite" duration-ms="54" started-at="2018-10-03T09:53:07Z" finished-at="2018-10-03T09:53:07Z">
    <groups>
    </groups>
    <test name="Default test" duration-ms="54" started-at="2018-10-03T09:53:07Z" finished-at="2018-10-03T09:53:07Z">
      <class name="testng.NewTest">
        <test-method status="PASS" signature="beforeTest()[pri:0, instance:testng.NewTest@1563da5]" name="beforeTest" is-config="true" duration-ms="10" started-at="2018-10-03T09:53:07Z" finished-at="2018-10-03T09:53:07Z">
          <reporter-output>
          </reporter-output>
        </test-method> <!-- beforeTest -->
        <test-method status="PASS" signature="beforeClass()[pri:0, instance:testng.NewTest@1563da5]" name="beforeClass" is-config="true" duration-ms="1" started-at="2018-10-03T09:53:07Z" finished-at="2018-10-03T09:53:07Z">
          <reporter-output>
          </reporter-output>
        </test-method> <!-- beforeClass -->
        <test-method status="PASS" signature="f()[pri:0, instance:testng.NewTest@1563da5]" name="f" duration-ms="6" started-at="2018-10-03T09:53:07Z" finished-at="2018-10-03T09:53:07Z">
          <reporter-output>
          </reporter-output>
        </test-method> <!-- f -->
        <test-method status="PASS" signature="beforeMethod()[pri:0, instance:testng.NewTest@1563da5]" name="beforeMethod" is-config="true" duration-ms="0" started-at="2018-10-03T09:53:07Z" finished-at="2018-10-03T09:53:07Z">
          <reporter-output>
          </reporter-output>
        </test-method> <!-- beforeMethod -->
        <test-method status="PASS" signature="beforeMethod()[pri:0, instance:testng.NewTest@1563da5]" name="beforeMethod" is-config="true" duration-ms="1" started-at="2018-10-03T09:53:07Z" finished-at="2018-10-03T09:53:07Z">
          <reporter-output>
          </reporter-output>
        </test-method> <!-- beforeMethod -->
        <test-method status="PASS" signature="afterMethod()[pri:0, instance:testng.NewTest@1563da5]" name="afterMethod" is-config="true" duration-ms="0" started-at="2018-10-03T09:53:07Z" finished-at="2018-10-03T09:53:07Z">
          <reporter-output>
          </reporter-output>
        </test-method> <!-- afterMethod -->
        <test-method status="PASS" signature="f1()[pri:0, instance:testng.NewTest@1563da5]" name="f1" duration-ms="4" started-at="2018-10-03T09:53:07Z" finished-at="2018-10-03T09:53:07Z">
          <reporter-output>
          </reporter-output>
        </test-method> <!-- f1 -->
        <test-method status="PASS" signature="afterMethod()[pri:0, instance:testng.NewTest@1563da5]" name="afterMethod" is-config="true" duration-ms="3" started-at="2018-10-03T09:53:07Z" finished-at="2018-10-03T09:53:07Z">
          <reporter-output>
          </reporter-output>
        </test-method> <!-- afterMethod -->
        <test-method status="PASS" signature="afterClass()[pri:0, instance:testng.NewTest@1563da5]" name="afterClass" is-config="true" duration-ms="0" started-at="2018-10-03T09:53:07Z" finished-at="2018-10-03T09:53:07Z">
          <reporter-output>
          </reporter-output>
        </test-method> <!-- afterClass -->
        <test-method status="PASS" signature="afterTest()[pri:0, instance:testng.NewTest@1563da5]" name="afterTest" is-config="true" duration-ms="0" started-at="2018-10-03T09:53:07Z" finished-at="2018-10-03T09:53:07Z">
          <reporter-output>
          </reporter-output>
        </test-method> <!-- afterTest -->
      </class> <!-- testng.NewTest -->
    </test> <!-- Default test -->
  </suite> <!-- Default suite -->
</testng-results>
