<?xml version="1.0" encoding="UTF-8"?>
<testng-results skipped="0" failed="0" ignored="0" total="1" passed="1">
  <reporter-output>
  </reporter-output>
  <suite name="Default suite" duration-ms="15814" started-at="2018-10-05T07:08:09Z" finished-at="2018-10-05T07:08:25Z">
    <groups>
    </groups>
    <test name="Default test" duration-ms="15814" started-at="2018-10-05T07:08:09Z" finished-at="2018-10-05T07:08:25Z">
      <class name="seleniumwebdriverbasics.windows">
        <test-method status="PASS" signature="beforeTest()[pri:0, instance:seleniumwebdriverbasics.windows@34c4973]" name="beforeTest" is-config="true" duration-ms="3226" started-at="2018-10-05T07:08:09Z" finished-at="2018-10-05T07:08:12Z">
          <reporter-output>
          </reporter-output>
        </test-method> <!-- beforeTest -->
        <test-method status="PASS" signature="f()[pri:0, instance:seleniumwebdriverbasics.windows@34c4973]" name="f" duration-ms="12563" started-at="2018-10-05T07:08:12Z" finished-at="2018-10-05T07:08:25Z">
          <reporter-output>
          </reporter-output>
        </test-method> <!-- f -->
        <test-method status="PASS" signature="afterTest()[pri:0, instance:seleniumwebdriverbasics.windows@34c4973]" name="afterTest" is-config="true" duration-ms="1" started-at="2018-10-05T07:08:25Z" finished-at="2018-10-05T07:08:25Z">
          <reporter-output>
          </reporter-output>
        </test-method> <!-- afterTest -->
      </class> <!-- seleniumwebdriverbasics.windows -->
    </test> <!-- Default test -->
  </suite> <!-- Default suite -->
</testng-results>
